<?xml version="1.0" encoding="UTF-8"?>
<testng-results skipped="0" failed="0" total="1" passed="1">
  <reporter-output>
  </reporter-output>
  <suite name="Suite" duration-ms="42444" started-at="2020-04-20T10:31:26Z" finished-at="2020-04-20T10:32:09Z">
    <groups>
      <group name="cucumber">
        <method signature="AbstractTestNGCucumberTests.feature(cucumber.api.testng.CucumberFeatureWrapper)[pri:0, instance:cucumberOptions.TestRunner@1b68b9a4]" name="feature" class="cucumber.api.testng.AbstractTestNGCucumberTests"/>
      </group> <!-- cucumber -->
    </groups>
    <test name="E2E Demo Test" duration-ms="42444" started-at="2020-04-20T10:31:26Z" finished-at="2020-04-20T10:32:09Z">
      <class name="cucumberOptions.TestRunner">
        <test-method status="PASS" signature="setUpClass()[pri:0, instance:cucumberOptions.TestRunner@1b68b9a4]" name="setUpClass" is-config="true" duration-ms="177" started-at="2020-04-20T16:01:26Z" finished-at="2020-04-20T16:01:26Z">
          <reporter-output>
          </reporter-output>
        </test-method> <!-- setUpClass -->
        <test-method status="PASS" signature="feature(cucumber.api.testng.CucumberFeatureWrapper)[pri:0, instance:cucumberOptions.TestRunner@1b68b9a4]" name="feature" duration-ms="42205" started-at="2020-04-20T16:01:26Z" description="Runs Cucumber Feature" data-provider="features" finished-at="2020-04-20T16:02:09Z">
          <params>
            <param index="0">
              <value>
                <![CDATA[Buy Sony laptop]]>
              </value>
            </param>
          </params>
          <reporter-output>
          </reporter-output>
        </test-method> <!-- feature -->
        <test-method status="PASS" signature="tearDownClass()[pri:0, instance:cucumberOptions.TestRunner@1b68b9a4]" name="tearDownClass" is-config="true" duration-ms="3" started-at="2020-04-20T16:02:09Z" finished-at="2020-04-20T16:02:09Z">
          <reporter-output>
          </reporter-output>
        </test-method> <!-- tearDownClass -->
      </class> <!-- cucumberOptions.TestRunner -->
    </test> <!-- E2E Demo Test -->
  </suite> <!-- Suite -->
</testng-results>
