<?xml version="1.0" encoding="UTF-8"?>
<testng-results skipped="0" failed="0" total="1" passed="1">
  <reporter-output>
  </reporter-output>
  <suite name="Suite" duration-ms="42637" started-at="2020-04-09T14:42:54Z" finished-at="2020-04-09T14:43:37Z">
    <groups>
      <group name="cucumber">
        <method signature="AbstractTestNGCucumberTests.feature(cucumber.api.testng.CucumberFeatureWrapper)[pri:0, instance:cucumberOptions.TestRunner@6156496]" name="feature" class="cucumber.api.testng.AbstractTestNGCucumberTests"/>
      </group> <!-- cucumber -->
    </groups>
    <test name="E2E Demo Test" duration-ms="42637" started-at="2020-04-09T14:42:54Z" finished-at="2020-04-09T14:43:37Z">
      <class name="cucumberOptions.TestRunner">
        <test-method status="PASS" signature="setUpClass()[pri:0, instance:cucumberOptions.TestRunner@6156496]" name="setUpClass" is-config="true" duration-ms="162" started-at="2020-04-09T20:12:54Z" finished-at="2020-04-09T20:12:54Z">
          <reporter-output>
          </reporter-output>
        </test-method> <!-- setUpClass -->
        <test-method status="PASS" signature="feature(cucumber.api.testng.CucumberFeatureWrapper)[pri:0, instance:cucumberOptions.TestRunner@6156496]" name="feature" duration-ms="42406" started-at="2020-04-09T20:12:55Z" description="Runs Cucumber Feature" data-provider="features" finished-at="2020-04-09T20:13:37Z">
          <params>
            <param index="0">
              <value>
                <![CDATA[Buy Sony laptop]]>
              </value>
            </param>
          </params>
          <reporter-output>
          </reporter-output>
        </test-method> <!-- feature -->
        <test-method status="PASS" signature="tearDownClass()[pri:0, instance:cucumberOptions.TestRunner@6156496]" name="tearDownClass" is-config="true" duration-ms="5" started-at="2020-04-09T20:13:37Z" finished-at="2020-04-09T20:13:37Z">
          <reporter-output>
          </reporter-output>
        </test-method> <!-- tearDownClass -->
      </class> <!-- cucumberOptions.TestRunner -->
    </test> <!-- E2E Demo Test -->
  </suite> <!-- Suite -->
</testng-results>
